# JRE version: Java(TM) SE Runtime Environment 18.9 (11.0.9+7) (build 11.0.9+7-LTS)
# Java VM: Java HotSpot(TM) 64-Bit Server VM 18.9 (11.0.9+7-LTS, mixed mode, tiered, compressed oops, g1 gc, windows-amd64)
Heap:
 garbage-first heap   total 76800K, used 47879K [0x00000000c2000000, 0x0000000100000000)
  region size 1024K, 40 young (40960K), 4 survivors (4096K)
 Metaspace       used 33376K, capacity 34277K, committed 34432K, reserved 1079296K
  class space    used 3884K, capacity 4224K, committed 4224K, reserved 1048576K
GC Heap History (10 events):
Event: 1.205 GC heap before
{Heap before GC invocations=2 (full 0):
 garbage-first heap   total 63488K, used 34603K [0x00000000c2000000, 0x0000000100000000)
  region size 1024K, 29 young (29696K), 1 survivors (1024K)
 Metaspace       used 15637K, capacity 16064K, committed 16128K, reserved 1062912K
  class space    used 1645K, capacity 1789K, committed 1792K, reserved 1048576K
}
Event: 1.207 GC heap after
{Heap after GC invocations=3 (full 0):
 garbage-first heap   total 63488K, used 8234K [0x00000000c2000000, 0x0000000100000000)
  region size 1024K, 2 young (2048K), 2 survivors (2048K)
 Metaspace       used 15637K, capacity 16064K, committed 16128K, reserved 1062912K
  class space    used 1645K, capacity 1789K, committed 1792K, reserved 1048576K
}
Event: 1.489 GC heap before
{Heap before GC invocations=3 (full 0):
 garbage-first heap   total 63488K, used 29738K [0x00000000c2000000, 0x0000000100000000)
  region size 1024K, 25 young (25600K), 2 survivors (2048K)
 Metaspace       used 20619K, capacity 21116K, committed 21248K, reserved 1069056K
  class space    used 2232K, capacity 2434K, committed 2560K, reserved 1048576K
}
Event: 1.493 GC heap after
{Heap after GC invocations=4 (full 0):
 garbage-first heap   total 63488K, used 8962K [0x00000000c2000000, 0x0000000100000000)
  region size 1024K, 3 young (3072K), 3 survivors (3072K)
 Metaspace       used 20619K, capacity 21116K, committed 21248K, reserved 1069056K
  class space    used 2232K, capacity 2434K, committed 2560K, reserved 1048576K
}
Event: 1.951 GC heap before
{Heap before GC invocations=5 (full 0):
 garbage-first heap   total 63488K, used 41730K [0x00000000c2000000, 0x0000000100000000)
  region size 1024K, 36 young (36864K), 3 survivors (3072K)
 Metaspace       used 24074K, capacity 24647K, committed 24704K, reserved 1071104K
  class space    used 2687K, capacity 2909K, committed 2944K, reserved 1048576K
}
Event: 1.955 GC heap after
{Heap after GC invocations=6 (full 0):
 garbage-first heap   total 63488K, used 10247K [0x00000000c2000000, 0x0000000100000000)
  region size 1024K, 4 young (4096K), 4 survivors (4096K)
 Metaspace       used 24074K, capacity 24647K, committed 24704K, reserved 1071104K
  class space    used 2687K, capacity 2909K, committed 2944K, reserved 1048576K
}
Event: 2.082 GC heap before
{Heap before GC invocations=6 (full 0):
 garbage-first heap   total 63488K, used 43015K [0x00000000c2000000, 0x0000000100000000)
  region size 1024K, 37 young (37888K), 4 survivors (4096K)
 Metaspace       used 24819K, capacity 25407K, committed 25600K, reserved 1071104K
  class space    used 2770K, capacity 2992K, committed 3072K, reserved 1048576K
}
Event: 2.086 GC heap after
{Heap after GC invocations=7 (full 0):
 garbage-first heap   total 76800K, used 10762K [0x00000000c2000000, 0x0000000100000000)
  region size 1024K, 3 young (3072K), 3 survivors (3072K)
 Metaspace       used 24819K, capacity 25407K, committed 25600K, reserved 1071104K
  class space    used 2770K, capacity 2992K, committed 3072K, reserved 1048576K
}
Event: 2.752 GC heap before
{Heap before GC invocations=7 (full 0):
 garbage-first heap   total 76800K, used 53770K [0x00000000c2000000, 0x0000000100000000)
  region size 1024K, 45 young (46080K), 3 survivors (3072K)
 Metaspace       used 27964K, capacity 28734K, committed 28928K, reserved 1075200K
  class space    used 3162K, capacity 3475K, committed 3584K, reserved 1048576K
}
Event: 2.756 GC heap after
{Heap after GC invocations=8 (full 0):
 garbage-first heap   total 76800K, used 12039K [0x00000000c2000000, 0x0000000100000000)
  region size 1024K, 4 young (4096K), 4 survivors (4096K)
 Metaspace       used 27964K, capacity 28734K, committed 28928K, reserved 1075200K
  class space    used 3162K, capacity 3475K, committed 3584K, reserved 1048576K
}

